Unity Editor version:    2020.3.29f1 (2ff179115da0)
Branch:                  2020.3/staging
Build type:              Release
Batch mode:              YES
macOS version:           Version 12.2 (Build 21D49)
Darwin version:          21.3.0
Architecture:            x86_64
Running under Rosetta:   NO
Available memory:        8192 MB
Using pre-set license
Pro License: NO

COMMAND LINE ARGUMENTS:
/Applications/Unity/Hub/Editor/2020.3.29f1/Unity.app/Contents/MacOS/Unity
-adb2
-batchMode
-noUpm
-name
AssetImportWorker0
-projectPath
/Users/hadeelelmadhoon/Documents/FourthYearEng/CS4483/SocialStory/SocialStory
-logFile
Logs/AssetImportWorker0.log
-srvPort
64059
Successfully changed project path to: /Users/hadeelelmadhoon/Documents/FourthYearEng/CS4483/SocialStory/SocialStory
/Users/hadeelelmadhoon/Documents/FourthYearEng/CS4483/SocialStory/SocialStory
Using Asset Import Pipeline V2.
Refreshing native plugins compatible for Editor in 48.87 ms, found 3 plugins.
Preloading 0 native plugins for Editor in 0.00 ms.
Initialize engine version: 2020.3.29f1 (2ff179115da0)
[Subsystems] Discovering subsystems at path /Applications/Unity/Hub/Editor/2020.3.29f1/Unity.app/Contents/Resources/UnitySubsystems
[Subsystems] Discovering subsystems at path /Users/hadeelelmadhoon/Documents/FourthYearEng/CS4483/SocialStory/SocialStory/Assets
GfxDevice: creating device client; threaded=0
2022-02-22 20:18:42.441 Unity[29511:3949535] Color LCD preferred device: Intel(R) Iris(TM) Plus Graphics 655 (low power)
2022-02-22 20:18:42.441 Unity[29511:3949535] Metal devices available: 1
2022-02-22 20:18:42.441 Unity[29511:3949535] 0: Intel(R) Iris(TM) Plus Graphics 655 (low power)
2022-02-22 20:18:42.442 Unity[29511:3949535] Using device Intel(R) Iris(TM) Plus Graphics 655 (low power)
Initializing Metal device caps: Intel(R) Iris(TM) Plus Graphics 655
Initialize mono
Mono path[0] = '/Applications/Unity/Hub/Editor/2020.3.29f1/Unity.app/Contents/Managed'
Mono path[1] = '/Applications/Unity/Hub/Editor/2020.3.29f1/Unity.app/Contents/MonoBleedingEdge/lib/mono/unityjit'
Mono config path = '/Applications/Unity/Hub/Editor/2020.3.29f1/Unity.app/Contents/MonoBleedingEdge/etc'
Using monoOptions --debugger-agent=transport=dt_socket,embedding=1,server=y,suspend=n,address=127.0.0.1:56511
Begin MonoManager ReloadAssembly
Registering precompiled unity dll's ...
Register platform support module: /Applications/Unity/Hub/Editor/2020.3.29f1/PlaybackEngines/WebGLSupport/UnityEditor.WebGL.Extensions.dll
Register platform support module: /Applications/Unity/Hub/Editor/2020.3.29f1/Unity.app/Contents/PlaybackEngines/MacStandaloneSupport/UnityEditor.OSXStandalone.Extensions.dll
Registered in 0.004732 seconds.
Native extension for OSXStandalone target not found
Native extension for WebGL target not found
Refreshing native plugins compatible for Editor in 69.08 ms, found 3 plugins.
Preloading 0 native plugins for Editor in 0.00 ms.
Mono: successfully reloaded assembly
- Completed reload, in  0.812 seconds
Domain Reload Profiling:
	ReloadAssembly (813ms)
		BeginReloadAssembly (94ms)
			ExecutionOrderSort (0ms)
			DisableScriptedObjects (0ms)
			BackupInstance (0ms)
			ReleaseScriptingObjects (0ms)
			CreateAndSetChildDomain (1ms)
		EndReloadAssembly (632ms)
			LoadAssemblies (96ms)
			RebuildTransferFunctionScriptingTraits (0ms)
			SetupTypeCache (210ms)
			ReleaseScriptCaches (0ms)
			RebuildScriptCaches (45ms)
			SetupLoadedEditorAssemblies (269ms)
				LogAssemblyErrors (0ms)
				InitializePlatformSupportModulesInManaged (6ms)
				SetLoadedEditorAssemblies (0ms)
				RefreshPlugins (69ms)
				BeforeProcessingInitializeOnLoad (13ms)
				ProcessInitializeOnLoadAttributes (145ms)
				ProcessInitializeOnLoadMethodAttributes (36ms)
				AfterProcessingInitializeOnLoad (0ms)
				EditorAssembliesLoaded (0ms)
			ExecutionOrderSort2 (0ms)
			AwakeInstancesAfterBackupRestoration (0ms)
Platform modules already initialized, skipping
Registering precompiled user dll's ...
Registered in 0.005251 seconds.
Begin MonoManager ReloadAssembly
Native extension for OSXStandalone target not found
Native extension for WebGL target not found
Refreshing native plugins compatible for Editor in 47.84 ms, found 3 plugins.
Preloading 0 native plugins for Editor in 0.00 ms.
Mono: successfully reloaded assembly
- Completed reload, in  1.306 seconds
Domain Reload Profiling:
	ReloadAssembly (1307ms)
		BeginReloadAssembly (157ms)
			ExecutionOrderSort (0ms)
			DisableScriptedObjects (6ms)
			BackupInstance (0ms)
			ReleaseScriptingObjects (0ms)
			CreateAndSetChildDomain (27ms)
		EndReloadAssembly (1084ms)
			LoadAssemblies (111ms)
			RebuildTransferFunctionScriptingTraits (0ms)
			SetupTypeCache (390ms)
			ReleaseScriptCaches (1ms)
			RebuildScriptCaches (63ms)
			SetupLoadedEditorAssemblies (376ms)
				LogAssemblyErrors (0ms)
				InitializePlatformSupportModulesInManaged (4ms)
				SetLoadedEditorAssemblies (0ms)
				RefreshPlugins (48ms)
				BeforeProcessingInitializeOnLoad (64ms)
				ProcessInitializeOnLoadAttributes (239ms)
				ProcessInitializeOnLoadMethodAttributes (20ms)
				AfterProcessingInitializeOnLoad (1ms)
				EditorAssembliesLoaded (0ms)
			ExecutionOrderSort2 (0ms)
			AwakeInstancesAfterBackupRestoration (7ms)
Platform modules already initialized, skipping
Validating Project structure ... 0.000243 seconds.
Shader import version has changed; will reimport all shaders...
Upgrading shader files ...0.000250 seconds.
Application.AssetDatabase Initial Script Refresh Start
RefreshInfo: InitialScriptRefreshV2(NoUpdateAssetOptions) scanfilter:  ... 1 filters
RefreshProfiler: Total: 0.000ms
Application.AssetDatabase Initial Script Refresh End
Application.AssetDatabase.Refresh Start
Application.AssetDatabase.Refresh End
RefreshInfo: StopAssetImportingV2(ForceSynchronousImport) scanfilter: 
RefreshProfiler: Total: 0.000ms
Launching external process: /Applications/Unity/Hub/Editor/2020.3.29f1/Unity.app/Contents/Tools/UnityShaderCompiler
Launched and connected shader compiler UnityShaderCompiler after 0.01 seconds
Initializing Unity extensions:
2022-02-22 20:18:46.605 Unity[29511:3949535] NSEventModifierFlagFunction specified to -setKeyEquivalentModifierMask: for item <NSMenuItem: 0x600003e35b20 Font Asset, ke='Command-F12'>, but is only supported for system-provided menu items; will not be used
2022-02-22 20:18:46.609 Unity[29511:3949535] NSEventModifierFlagFunction specified to -setKeyEquivalentModifierMask: for item <NSMenuItem: 0x600003e20000 Font Asset, ke='Command-F12'>, but is only supported for system-provided menu items; will not be used
========================================================================
Worker process is ready to serve import requests
Refreshing native plugins compatible for Editor in 0.40 ms, found 3 plugins.
Preloading 0 native plugins for Editor in 0.00 ms.
Unloading 2201 Unused Serialized files (Serialized files now loaded: 0)
System memory in use before: 211.0 MB.
System memory in use after: 210.2 MB.

Unloading 107 unused Assets to reduce memory usage. Loaded Objects now: 2670.
Total: 4.333362 ms (FindLiveObjects: 0.171648 ms CreateObjectMapping: 0.097367 ms MarkObjects: 3.411643 ms  DeleteObjects: 0.651996 ms)

AssetImportParameters requested are different than current active one (requested -> active):
  custom:video-decoder-ogg-theora: a1e56fd34408186e4bbccfd4996cb3dc -> 
  custom:container-muxer-webm: aa71ff27fc2769a1b78a27578f13a17b -> 
  custom:container-demuxer-webm: 4f35f7cbe854078d1ac9338744f61a02 -> 
  custom:container-demuxer-ogg: 62fdf1f143b41e24485cea50d1cbac27 -> 
  custom:video-encoder-webm-vp8: eb34c28f22e8b96e1ab97ce403110664 -> 
  custom:framework-osx-AVFoundation: e770b220cccbd017edd2c1fefb359320 -> 
  custom:video-decoder-webm-vp8: 9c59270c3fd7afecdb556c50c9e8de78 -> 
  custom:audio-decoder-ogg-vorbis: bf7c407c2cedff20999df2af8eb42d56 -> 
  custom:audio-encoder-webm-vorbis: bf7c407c2cedff20999df2af8eb42d56 -> 
========================================================================
Received Import Request.
  path: Assets/camera2.png
  artifactKey: Guid(8264b1845048e45df8abe7405b78ab5f) Importer(815301076,1909f56bfc062723c751e8b465ee728b)
Start importing Assets/camera2.png using Guid(8264b1845048e45df8abe7405b78ab5f) Importer(815301076,1909f56bfc062723c751e8b465ee728b)  -> (artifact id: 'a0917f4fbc13f8aed893eefc1835821b') in 0.232829 seconds 
  Import took 0.241035 seconds .

========================================================================
Received Import Request.
  Time since last request: 0.000286 seconds.
  path: Assets/camera3.png
  artifactKey: Guid(bb4b0c8df4f8b4737a6e763d4bb0c4e8) Importer(815301076,1909f56bfc062723c751e8b465ee728b)
Start importing Assets/camera3.png using Guid(bb4b0c8df4f8b4737a6e763d4bb0c4e8) Importer(815301076,1909f56bfc062723c751e8b465ee728b)  -> (artifact id: 'f21c23be2ae910262def97de664b0094') in 0.037460 seconds 
  Import took 0.041744 seconds .

========================================================================
Received Import Request.
  Time since last request: 0.000300 seconds.
  path: Assets/camera6.png
  artifactKey: Guid(047dc47e551694a9387b4ec3244ff9ab) Importer(815301076,1909f56bfc062723c751e8b465ee728b)
Start importing Assets/camera6.png using Guid(047dc47e551694a9387b4ec3244ff9ab) Importer(815301076,1909f56bfc062723c751e8b465ee728b)  -> (artifact id: '850922364b303e5059f453dba0796317') in 0.023932 seconds 
  Import took 0.029341 seconds .

========================================================================
Received Import Request.
  Time since last request: 0.000272 seconds.
  path: Assets/camera4.png
  artifactKey: Guid(1c3f521a500b948a39666509c1c3382f) Importer(815301076,1909f56bfc062723c751e8b465ee728b)
Start importing Assets/camera4.png using Guid(1c3f521a500b948a39666509c1c3382f) Importer(815301076,1909f56bfc062723c751e8b465ee728b)  -> (artifact id: '627ec5a3359922d6a7cce91e9707dea3') in 0.022400 seconds 
  Import took 0.026407 seconds .

========================================================================
Received Import Request.
  Time since last request: 0.000281 seconds.
  path: Assets/camera7.png
  artifactKey: Guid(376ed16839f7840769561b2316393fde) Importer(815301076,1909f56bfc062723c751e8b465ee728b)
Start importing Assets/camera7.png using Guid(376ed16839f7840769561b2316393fde) Importer(815301076,1909f56bfc062723c751e8b465ee728b)  -> (artifact id: 'feebebbcbbf8bc6776ab4d9198036fbc') in 0.022127 seconds 
  Import took 0.026128 seconds .

========================================================================
Received Import Request.
  Time since last request: 0.000200 seconds.
  path: Assets/camera5.png
  artifactKey: Guid(635ff1bcf7e0b48318ba505820882f5b) Importer(815301076,1909f56bfc062723c751e8b465ee728b)
Start importing Assets/camera5.png using Guid(635ff1bcf7e0b48318ba505820882f5b) Importer(815301076,1909f56bfc062723c751e8b465ee728b)  -> (artifact id: 'e769aeb36ee65f2158d34fc2be8ca865') in 0.024728 seconds 
  Import took 0.028922 seconds .

========================================================================
Received Import Request.
  Time since last request: 371.673934 seconds.
  path: Assets/camera_2.png
  artifactKey: Guid(245dcf99a7e6c488292e6d25d1f9e9ee) Importer(815301076,1909f56bfc062723c751e8b465ee728b)
Start importing Assets/camera_2.png using Guid(245dcf99a7e6c488292e6d25d1f9e9ee) Importer(815301076,1909f56bfc062723c751e8b465ee728b)  -> (artifact id: 'be94a77fc06da86d2eeaae38c78a5360') in 0.178445 seconds 
  Import took 0.321834 seconds .

========================================================================
Received Import Request.
  Time since last request: 0.000333 seconds.
  path: Assets/camera_5.png
  artifactKey: Guid(88ca25508ca0b441ab26dde0993bd02b) Importer(815301076,1909f56bfc062723c751e8b465ee728b)
Start importing Assets/camera_5.png using Guid(88ca25508ca0b441ab26dde0993bd02b) Importer(815301076,1909f56bfc062723c751e8b465ee728b)  -> (artifact id: 'b37a24a55ed738cf98884f64432eae14') in 0.043685 seconds 
  Import took 0.048006 seconds .

========================================================================
Received Import Request.
  Time since last request: 0.000340 seconds.
  path: Assets/camera_3.png
  artifactKey: Guid(5fc44d52871f542f9b0a8a32ed21c0d9) Importer(815301076,1909f56bfc062723c751e8b465ee728b)
Start importing Assets/camera_3.png using Guid(5fc44d52871f542f9b0a8a32ed21c0d9) Importer(815301076,1909f56bfc062723c751e8b465ee728b)  -> (artifact id: '92ba08d355a4ad18b62ecb223ad59697') in 0.028446 seconds 
  Import took 0.033401 seconds .

========================================================================
Received Import Request.
  Time since last request: 0.000337 seconds.
  path: Assets/camera_6.png
  artifactKey: Guid(cfb33da4de93643c69a2fe80978bad64) Importer(815301076,1909f56bfc062723c751e8b465ee728b)
Start importing Assets/camera_6.png using Guid(cfb33da4de93643c69a2fe80978bad64) Importer(815301076,1909f56bfc062723c751e8b465ee728b)  -> (artifact id: '399e20be613e0453014ffba24411fad6') in 0.025605 seconds 
  Import took 0.030077 seconds .

========================================================================
Received Import Request.
  Time since last request: 0.000296 seconds.
  path: Assets/camera_4.png
  artifactKey: Guid(5b42777ba438c4a9c8659a6371977827) Importer(815301076,1909f56bfc062723c751e8b465ee728b)
Start importing Assets/camera_4.png using Guid(5b42777ba438c4a9c8659a6371977827) Importer(815301076,1909f56bfc062723c751e8b465ee728b)  -> (artifact id: '3c0a72382ba70cc4b45d414ee30bcb68') in 0.031250 seconds 
  Import took 0.036054 seconds .

========================================================================
Received Import Request.
  Time since last request: 0.000249 seconds.
  path: Assets/camera_7.png
  artifactKey: Guid(3b5ee1421f00c499cbc021247b051821) Importer(815301076,1909f56bfc062723c751e8b465ee728b)
Start importing Assets/camera_7.png using Guid(3b5ee1421f00c499cbc021247b051821) Importer(815301076,1909f56bfc062723c751e8b465ee728b)  -> (artifact id: '5f124678d23c8e28504ec1a0cbe525ea') in 0.025823 seconds 
  Import took 0.029779 seconds .

========================================================================
Received Prepare
Registering precompiled user dll's ...
Registered in 0.007515 seconds.
Begin MonoManager ReloadAssembly
Native extension for OSXStandalone target not found
Native extension for WebGL target not found
Refreshing native plugins compatible for Editor in 0.85 ms, found 3 plugins.
Preloading 0 native plugins for Editor in 0.00 ms.
2022-02-22 20:27:01.805 Unity[29511:3949535] NSEventModifierFlagFunction specified to -setKeyEquivalentModifierMask: for item <NSMenuItem: 0x600003e52d80 Font Asset, ke='Command-F12'>, but is only supported for system-provided menu items; will not be used
Mono: successfully reloaded assembly
- Completed reload, in  1.661 seconds
Domain Reload Profiling:
	ReloadAssembly (1665ms)
		BeginReloadAssembly (264ms)
			ExecutionOrderSort (1ms)
			DisableScriptedObjects (24ms)
			BackupInstance (0ms)
			ReleaseScriptingObjects (0ms)
			CreateAndSetChildDomain (125ms)
		EndReloadAssembly (1324ms)
			LoadAssemblies (125ms)
			RebuildTransferFunctionScriptingTraits (0ms)
			SetupTypeCache (461ms)
			ReleaseScriptCaches (1ms)
			RebuildScriptCaches (72ms)
			SetupLoadedEditorAssemblies (481ms)
				LogAssemblyErrors (0ms)
				InitializePlatformSupportModulesInManaged (9ms)
				SetLoadedEditorAssemblies (2ms)
				RefreshPlugins (1ms)
				BeforeProcessingInitializeOnLoad (160ms)
				ProcessInitializeOnLoadAttributes (295ms)
				ProcessInitializeOnLoadMethodAttributes (13ms)
				AfterProcessingInitializeOnLoad (1ms)
				EditorAssembliesLoaded (0ms)
			ExecutionOrderSort2 (0ms)
			AwakeInstancesAfterBackupRestoration (14ms)
Platform modules already initialized, skipping
Switching build target platform(2) subTarget(0) extendedPlatform(0) -> platform(9) subTarget(16777218) extendedPlatform(0)
Refreshing native plugins compatible for Editor in 0.73 ms, found 3 plugins.
Preloading 0 native plugins for Editor in 0.00 ms.
Unloading 2198 Unused Serialized files (Serialized files now loaded: 0)
System memory in use before: 215.5 MB.
System memory in use after: 215.5 MB.

Unloading 21 unused Assets to reduce memory usage. Loaded Objects now: 2678.
Total: 4.626117 ms (FindLiveObjects: 0.306376 ms CreateObjectMapping: 0.146105 ms MarkObjects: 4.036297 ms  DeleteObjects: 0.136238 ms)

AssetImportParameters requested are different than current active one (requested -> active):
  custom:video-decoder-ogg-theora: a1e56fd34408186e4bbccfd4996cb3dc -> 
  custom:container-muxer-webm: aa71ff27fc2769a1b78a27578f13a17b -> 
  custom:container-demuxer-webm: 4f35f7cbe854078d1ac9338744f61a02 -> 
  custom:container-demuxer-ogg: 62fdf1f143b41e24485cea50d1cbac27 -> 
  custom:video-encoder-webm-vp8: eb34c28f22e8b96e1ab97ce403110664 -> 
  custom:framework-osx-AVFoundation: e770b220cccbd017edd2c1fefb359320 -> 
  custom:video-decoder-webm-vp8: 9c59270c3fd7afecdb556c50c9e8de78 -> 
  custom:graphics/normal-map-encoding: 01000000000000000000000000000000 -> 02000000000000000000000000000000
  custom:audio-decoder-ogg-vorbis: bf7c407c2cedff20999df2af8eb42d56 -> 
  custom:audio-encoder-webm-vorbis: bf7c407c2cedff20999df2af8eb42d56 -> 
========================================================================
Received Prepare
Registering precompiled user dll's ...
Registered in 0.004881 seconds.
Begin MonoManager ReloadAssembly
Native extension for OSXStandalone target not found
Native extension for WebGL target not found
Refreshing native plugins compatible for Editor in 0.64 ms, found 3 plugins.
Preloading 0 native plugins for Editor in 0.00 ms.
2022-02-22 20:31:15.670 Unity[29511:3949535] NSEventModifierFlagFunction specified to -setKeyEquivalentModifierMask: for item <NSMenuItem: 0x600003e6cb60 Font Asset, ke='Command-F12'>, but is only supported for system-provided menu items; will not be used
Mono: successfully reloaded assembly
- Completed reload, in  2.237 seconds
Domain Reload Profiling:
	ReloadAssembly (2247ms)
		BeginReloadAssembly (447ms)
			ExecutionOrderSort (0ms)
			DisableScriptedObjects (31ms)
			BackupInstance (0ms)
			ReleaseScriptingObjects (0ms)
			CreateAndSetChildDomain (171ms)
		EndReloadAssembly (1677ms)
			LoadAssemblies (290ms)
			RebuildTransferFunctionScriptingTraits (2ms)
			SetupTypeCache (618ms)
			ReleaseScriptCaches (2ms)
			RebuildScriptCaches (88ms)
			SetupLoadedEditorAssemblies (580ms)
				LogAssemblyErrors (0ms)
				InitializePlatformSupportModulesInManaged (9ms)
				SetLoadedEditorAssemblies (2ms)
				RefreshPlugins (1ms)
				BeforeProcessingInitializeOnLoad (168ms)
				ProcessInitializeOnLoadAttributes (378ms)
				ProcessInitializeOnLoadMethodAttributes (20ms)
				AfterProcessingInitializeOnLoad (1ms)
				EditorAssembliesLoaded (1ms)
			ExecutionOrderSort2 (0ms)
			AwakeInstancesAfterBackupRestoration (18ms)
Platform modules already initialized, skipping
Switching build target platform(2) subTarget(0) extendedPlatform(0) -> platform(9) subTarget(16777218) extendedPlatform(0)
Refreshing native plugins compatible for Editor in 0.60 ms, found 3 plugins.
Preloading 0 native plugins for Editor in 0.00 ms.
Unloading 2198 Unused Serialized files (Serialized files now loaded: 0)
System memory in use before: 215.7 MB.
System memory in use after: 215.7 MB.

Unloading 20 unused Assets to reduce memory usage. Loaded Objects now: 2680.
Total: 11.581011 ms (FindLiveObjects: 1.103024 ms CreateObjectMapping: 0.284287 ms MarkObjects: 9.657374 ms  DeleteObjects: 0.534334 ms)

AssetImportParameters requested are different than current active one (requested -> active):
  custom:video-decoder-ogg-theora: a1e56fd34408186e4bbccfd4996cb3dc -> 
  custom:container-muxer-webm: aa71ff27fc2769a1b78a27578f13a17b -> 
  custom:container-demuxer-webm: 4f35f7cbe854078d1ac9338744f61a02 -> 
  custom:container-demuxer-ogg: 62fdf1f143b41e24485cea50d1cbac27 -> 
  custom:video-encoder-webm-vp8: eb34c28f22e8b96e1ab97ce403110664 -> 
  custom:framework-osx-AVFoundation: e770b220cccbd017edd2c1fefb359320 -> 
  custom:video-decoder-webm-vp8: 9c59270c3fd7afecdb556c50c9e8de78 -> 
  custom:graphics/normal-map-encoding: 01000000000000000000000000000000 -> 02000000000000000000000000000000
  custom:audio-decoder-ogg-vorbis: bf7c407c2cedff20999df2af8eb42d56 -> 
  custom:audio-encoder-webm-vorbis: bf7c407c2cedff20999df2af8eb42d56 -> 
========================================================================
Received Import Request.
  Time since last request: 444.968276 seconds.
  path: Assets/camera_8.png
  artifactKey: Guid(fde0733233efe4a2a8db207498bcf0a8) Importer(815301076,1909f56bfc062723c751e8b465ee728b)
Start importing Assets/camera_8.png using Guid(fde0733233efe4a2a8db207498bcf0a8) Importer(815301076,1909f56bfc062723c751e8b465ee728b)  -> (artifact id: '0bbc156f35d08703d1350421726ad7b5') in 0.173868 seconds 
  Import took 0.179392 seconds .

========================================================================
Received Import Request.
  Time since last request: 0.000616 seconds.
  path: Assets/camera_10.png
  artifactKey: Guid(f3b24b49369a9483692c67d4da186999) Importer(815301076,1909f56bfc062723c751e8b465ee728b)
Start importing Assets/camera_10.png using Guid(f3b24b49369a9483692c67d4da186999) Importer(815301076,1909f56bfc062723c751e8b465ee728b)  -> (artifact id: '41ff50e8899727a809e30dc9a9a84f95') in 0.024153 seconds 
  Import took 0.028045 seconds .

========================================================================
Received Import Request.
  Time since last request: 0.000197 seconds.
  path: Assets/camera_9.png
  artifactKey: Guid(af5084cdba03248809620264cd41cd81) Importer(815301076,1909f56bfc062723c751e8b465ee728b)
Start importing Assets/camera_9.png using Guid(af5084cdba03248809620264cd41cd81) Importer(815301076,1909f56bfc062723c751e8b465ee728b)  -> (artifact id: '8e895f5970fe966e38c917fc0d4633e1') in 0.027442 seconds 
  Import took 0.032468 seconds .

========================================================================
Received Prepare
Registering precompiled user dll's ...
Registered in 0.001503 seconds.
Begin MonoManager ReloadAssembly
Native extension for OSXStandalone target not found
Native extension for WebGL target not found
Refreshing native plugins compatible for Editor in 0.51 ms, found 3 plugins.
Preloading 0 native plugins for Editor in 0.00 ms.
2022-02-22 20:35:41.625 Unity[29511:3949535] NSEventModifierFlagFunction specified to -setKeyEquivalentModifierMask: for item <NSMenuItem: 0x600003e47f70 Font Asset, ke='Command-F12'>, but is only supported for system-provided menu items; will not be used
Mono: successfully reloaded assembly
- Completed reload, in  1.445 seconds
Domain Reload Profiling:
	ReloadAssembly (1445ms)
		BeginReloadAssembly (176ms)
			ExecutionOrderSort (0ms)
			DisableScriptedObjects (8ms)
			BackupInstance (0ms)
			ReleaseScriptingObjects (0ms)
			CreateAndSetChildDomain (85ms)
		EndReloadAssembly (1192ms)
			LoadAssemblies (145ms)
			RebuildTransferFunctionScriptingTraits (0ms)
			SetupTypeCache (419ms)
			ReleaseScriptCaches (1ms)
			RebuildScriptCaches (57ms)
			SetupLoadedEditorAssemblies (441ms)
				LogAssemblyErrors (0ms)
				InitializePlatformSupportModulesInManaged (5ms)
				SetLoadedEditorAssemblies (1ms)
				RefreshPlugins (1ms)
				BeforeProcessingInitializeOnLoad (118ms)
				ProcessInitializeOnLoadAttributes (302ms)
				ProcessInitializeOnLoadMethodAttributes (13ms)
				AfterProcessingInitializeOnLoad (1ms)
				EditorAssembliesLoaded (0ms)
			ExecutionOrderSort2 (0ms)
			AwakeInstancesAfterBackupRestoration (10ms)
Platform modules already initialized, skipping
Switching build target platform(2) subTarget(0) extendedPlatform(0) -> platform(9) subTarget(16777218) extendedPlatform(0)
Refreshing native plugins compatible for Editor in 0.53 ms, found 3 plugins.
Preloading 0 native plugins for Editor in 0.00 ms.
Unloading 2198 Unused Serialized files (Serialized files now loaded: 0)
System memory in use before: 216.0 MB.
System memory in use after: 215.9 MB.

Unloading 20 unused Assets to reduce memory usage. Loaded Objects now: 2683.
Total: 4.001735 ms (FindLiveObjects: 0.191705 ms CreateObjectMapping: 0.092809 ms MarkObjects: 3.584936 ms  DeleteObjects: 0.131208 ms)

AssetImportParameters requested are different than current active one (requested -> active):
  custom:video-decoder-ogg-theora: a1e56fd34408186e4bbccfd4996cb3dc -> 
  custom:container-muxer-webm: aa71ff27fc2769a1b78a27578f13a17b -> 
  custom:container-demuxer-webm: 4f35f7cbe854078d1ac9338744f61a02 -> 
  custom:container-demuxer-ogg: 62fdf1f143b41e24485cea50d1cbac27 -> 
  custom:video-encoder-webm-vp8: eb34c28f22e8b96e1ab97ce403110664 -> 
  custom:framework-osx-AVFoundation: e770b220cccbd017edd2c1fefb359320 -> 
  custom:video-decoder-webm-vp8: 9c59270c3fd7afecdb556c50c9e8de78 -> 
  custom:graphics/normal-map-encoding: 01000000000000000000000000000000 -> 02000000000000000000000000000000
  custom:audio-decoder-ogg-vorbis: bf7c407c2cedff20999df2af8eb42d56 -> 
  custom:audio-encoder-webm-vorbis: bf7c407c2cedff20999df2af8eb42d56 -> 
